Started GET "/users/edit" for 127.0.0.1 at 2018-06-27 17:14:35 +0100
  [1m[35m (1.1ms)[0m  [1m[34mSELECT "schema_migrations"."version" FROM "schema_migrations" ORDER BY "schema_migrations"."version" ASC[0m
  ↳ /Users/tech-a43/.rvm/gems/ruby-2.4.0/gems/activerecord-5.2.0/lib/active_record/log_subscriber.rb:98
Processing by Devise::RegistrationsController#edit as HTML
  [1m[36mUser Load (2.0ms)[0m  [1m[34mSELECT  "users".* FROM "users" WHERE "users"."id" = $1 ORDER BY "users"."id" ASC LIMIT $2[0m  [["id", 1], ["LIMIT", 1]]
  ↳ /Users/tech-a43/.rvm/gems/ruby-2.4.0/gems/activerecord-5.2.0/lib/active_record/log_subscriber.rb:98
  Rendering devise/registrations/edit.html.erb within layouts/application
  Rendered devise/registrations/edit.html.erb within layouts/application (23.2ms)
Completed 500 Internal Server Error in 1390ms (ActiveRecord: 9.3ms)


  
ActionView::Template::Error (Invalid CSS after "...44d7c72cc2b5010": expected "{", was ""):
     6: 
     7:     <meta name="viewport" content="width=device-width, initial-scale=1">
     8:     <title>COYI</title>
     9:     <%= stylesheet_link_tag 'application', media: 'all', 'data-turbolinks-track': 'reload' %>
    10:     <%= javascript_include_tag 'application', 'data-turbolinks-track' => 'reload' %>
    11:     <link rel="stylesheet" href="https://use.fontawesome.com/releases/v5.0.13/css/all.css" integrity="sha384-DNOHZ68U8hZfKXOrtjWvjxusGo9WQnrNx2sqG0tfsghAvtVlRW3tvkXWZh58N9jp" crossorigin="anonymous">
    12:     <link href="https://fonts.googleapis.com/css?family=Roboto:200,400,700" rel="stylesheet">
  
app/assets/stylesheets/form.scss:64
app/assets/stylesheets/application.scss:21
app/views/layouts/application.html.erb:9:in `_app_views_layouts_application_html_erb___2221605245719281675_70197761518680'
Started GET "/users/edit" for 127.0.0.1 at 2018-06-27 17:16:03 +0100
Processing by Devise::RegistrationsController#edit as HTML
  [1m[36mUser Load (0.8ms)[0m  [1m[34mSELECT  "users".* FROM "users" WHERE "users"."id" = $1 ORDER BY "users"."id" ASC LIMIT $2[0m  [["id", 1], ["LIMIT", 1]]
  ↳ /Users/tech-a43/.rvm/gems/ruby-2.4.0/gems/activerecord-5.2.0/lib/active_record/log_subscriber.rb:98
  Rendering devise/registrations/edit.html.erb within layouts/application
  Rendered devise/registrations/edit.html.erb within layouts/application (5.6ms)
Completed 500 Internal Server Error in 1017ms (ActiveRecord: 0.8ms)


  
ActionView::Template::Error (Invalid CSS after "...44d7c72cc2b5010": expected "{", was ""):
     6: 
     7:     <meta name="viewport" content="width=device-width, initial-scale=1">
     8:     <title>COYI</title>
     9:     <%= stylesheet_link_tag 'application', media: 'all', 'data-turbolinks-track': 'reload' %>
    10:     <%= javascript_include_tag 'application', 'data-turbolinks-track' => 'reload' %>
    11:     <link rel="stylesheet" href="https://use.fontawesome.com/releases/v5.0.13/css/all.css" integrity="sha384-DNOHZ68U8hZfKXOrtjWvjxusGo9WQnrNx2sqG0tfsghAvtVlRW3tvkXWZh58N9jp" crossorigin="anonymous">
    12:     <link href="https://fonts.googleapis.com/css?family=Roboto:200,400,700" rel="stylesheet">
  
app/assets/stylesheets/form.scss:64
app/assets/stylesheets/application.scss:21
app/views/layouts/application.html.erb:9:in `_app_views_layouts_application_html_erb___2221605245719281675_70197822309340'
Started GET "/" for 127.0.0.1 at 2018-06-27 17:16:10 +0100
Processing by StaticController#home as HTML
  [1m[36mUser Load (0.7ms)[0m  [1m[34mSELECT  "users".* FROM "users" WHERE "users"."id" = $1 ORDER BY "users"."id" ASC LIMIT $2[0m  [["id", 1], ["LIMIT", 1]]
  ↳ app/controllers/static_controller.rb:3
  Rendering static/home.html.erb within layouts/application
  Rendered static/home.html.erb within layouts/application (0.9ms)
Completed 500 Internal Server Error in 1027ms (ActiveRecord: 0.7ms)


  
ActionView::Template::Error (Invalid CSS after "...44d7c72cc2b5010": expected "{", was ""):
     6: 
     7:     <meta name="viewport" content="width=device-width, initial-scale=1">
     8:     <title>COYI</title>
     9:     <%= stylesheet_link_tag 'application', media: 'all', 'data-turbolinks-track': 'reload' %>
    10:     <%= javascript_include_tag 'application', 'data-turbolinks-track' => 'reload' %>
    11:     <link rel="stylesheet" href="https://use.fontawesome.com/releases/v5.0.13/css/all.css" integrity="sha384-DNOHZ68U8hZfKXOrtjWvjxusGo9WQnrNx2sqG0tfsghAvtVlRW3tvkXWZh58N9jp" crossorigin="anonymous">
    12:     <link href="https://fonts.googleapis.com/css?family=Roboto:200,400,700" rel="stylesheet">
  
app/assets/stylesheets/form.scss:64
app/assets/stylesheets/application.scss:21
app/views/layouts/application.html.erb:9:in `_app_views_layouts_application_html_erb___2221605245719281675_70197811774480'
Started GET "/" for 127.0.0.1 at 2018-06-27 17:17:16 +0100
  [1m[35m (1.0ms)[0m  [1m[34mSELECT "schema_migrations"."version" FROM "schema_migrations" ORDER BY "schema_migrations"."version" ASC[0m
  ↳ /Users/tech-a43/.rvm/gems/ruby-2.4.0/gems/activerecord-5.2.0/lib/active_record/log_subscriber.rb:98
Processing by StaticController#home as HTML
  [1m[36mUser Load (1.3ms)[0m  [1m[34mSELECT  "users".* FROM "users" WHERE "users"."id" = $1 ORDER BY "users"."id" ASC LIMIT $2[0m  [["id", 1], ["LIMIT", 1]]
  ↳ app/controllers/static_controller.rb:3
  Rendering static/home.html.erb within layouts/application
  Rendered static/home.html.erb within layouts/application (2.0ms)
Completed 500 Internal Server Error in 1334ms (ActiveRecord: 9.7ms)


  
ActionView::Template::Error (Invalid CSS after "...44d7c72cc2b5010": expected "{", was ""):
     6: 
     7:     <meta name="viewport" content="width=device-width, initial-scale=1">
     8:     <title>COYI</title>
     9:     <%= stylesheet_link_tag 'application', media: 'all', 'data-turbolinks-track': 'reload' %>
    10:     <%= javascript_include_tag 'application', 'data-turbolinks-track' => 'reload' %>
    11:     <link rel="stylesheet" href="https://use.fontawesome.com/releases/v5.0.13/css/all.css" integrity="sha384-DNOHZ68U8hZfKXOrtjWvjxusGo9WQnrNx2sqG0tfsghAvtVlRW3tvkXWZh58N9jp" crossorigin="anonymous">
    12:     <link href="https://fonts.googleapis.com/css?family=Roboto:200,400,700" rel="stylesheet">
  
app/assets/stylesheets/form.scss:64
app/assets/stylesheets/application.scss:21
app/views/layouts/application.html.erb:9:in `_app_views_layouts_application_html_erb___87459077334840410_70236950279820'
Started GET "/" for 127.0.0.1 at 2018-06-27 17:17:52 +0100
Processing by StaticController#home as HTML
  [1m[36mUser Load (0.7ms)[0m  [1m[34mSELECT  "users".* FROM "users" WHERE "users"."id" = $1 ORDER BY "users"."id" ASC LIMIT $2[0m  [["id", 1], ["LIMIT", 1]]
  ↳ app/controllers/static_controller.rb:3
  Rendering static/home.html.erb within layouts/application
  Rendered static/home.html.erb within layouts/application (1.0ms)
  Rendered partials/_nav.html.erb (2.7ms)
  Rendered partials/_footer.html.erb (0.6ms)
Completed 200 OK in 317ms (Views: 306.6ms | ActiveRecord: 0.7ms)


Started GET "/users/edit" for 127.0.0.1 at 2018-06-27 17:17:59 +0100
Processing by Devise::RegistrationsController#edit as HTML
  [1m[36mUser Load (1.0ms)[0m  [1m[34mSELECT  "users".* FROM "users" WHERE "users"."id" = $1 ORDER BY "users"."id" ASC LIMIT $2[0m  [["id", 1], ["LIMIT", 1]]
  ↳ /Users/tech-a43/.rvm/gems/ruby-2.4.0/gems/activerecord-5.2.0/lib/active_record/log_subscriber.rb:98
  Rendering devise/registrations/edit.html.erb within layouts/application
  Rendered devise/registrations/edit.html.erb within layouts/application (11.7ms)
  Rendered partials/_nav.html.erb (2.1ms)
  Rendered partials/_footer.html.erb (0.3ms)
Completed 200 OK in 104ms (Views: 97.4ms | ActiveRecord: 1.0ms)


Started GET "/users/images/logo_200.png" for 127.0.0.1 at 2018-06-27 17:17:59 +0100
  
ActionController::RoutingError (No route matches [GET] "/users/images/logo_200.png"):
  
actionpack (5.2.0) lib/action_dispatch/middleware/debug_exceptions.rb:65:in `call'
web-console (3.6.2) lib/web_console/middleware.rb:135:in `call_app'
web-console (3.6.2) lib/web_console/middleware.rb:30:in `block in call'
web-console (3.6.2) lib/web_console/middleware.rb:20:in `catch'
web-console (3.6.2) lib/web_console/middleware.rb:20:in `call'
actionpack (5.2.0) lib/action_dispatch/middleware/show_exceptions.rb:33:in `call'
railties (5.2.0) lib/rails/rack/logger.rb:38:in `call_app'
railties (5.2.0) lib/rails/rack/logger.rb:26:in `block in call'
activesupport (5.2.0) lib/active_support/tagged_logging.rb:71:in `block in tagged'
activesupport (5.2.0) lib/active_support/tagged_logging.rb:28:in `tagged'
activesupport (5.2.0) lib/active_support/tagged_logging.rb:71:in `tagged'
railties (5.2.0) lib/rails/rack/logger.rb:26:in `call'
sprockets-rails (3.2.1) lib/sprockets/rails/quiet_assets.rb:13:in `call'
actionpack (5.2.0) lib/action_dispatch/middleware/remote_ip.rb:81:in `call'
actionpack (5.2.0) lib/action_dispatch/middleware/request_id.rb:27:in `call'
rack (2.0.5) lib/rack/method_override.rb:22:in `call'
rack (2.0.5) lib/rack/runtime.rb:22:in `call'
activesupport (5.2.0) lib/active_support/cache/strategy/local_cache_middleware.rb:29:in `call'
actionpack (5.2.0) lib/action_dispatch/middleware/executor.rb:14:in `call'
actionpack (5.2.0) lib/action_dispatch/middleware/static.rb:127:in `call'
rack (2.0.5) lib/rack/sendfile.rb:111:in `call'
railties (5.2.0) lib/rails/engine.rb:524:in `call'
puma (3.11.4) lib/puma/configuration.rb:225:in `call'
puma (3.11.4) lib/puma/server.rb:632:in `handle_request'
puma (3.11.4) lib/puma/server.rb:446:in `process_client'
puma (3.11.4) lib/puma/server.rb:306:in `block in run'
puma (3.11.4) lib/puma/thread_pool.rb:120:in `block in spawn_thread'
